0 info it worked if it ends with ok
1 verbose cli [ 'C:\\Program Files\\nodejs\\node.exe',
1 verbose cli   'C:\\Program Files\\nodejs\\node_modules\\npm\\bin\\npm-cli.js',
1 verbose cli   'run',
1 verbose cli   'start' ]
2 info using npm@3.10.10
3 info using node@v6.9.5
4 verbose run-script [ 'prestart', 'start', 'poststart' ]
5 info lifecycle Lottery@2.0.0~prestart: Lottery@2.0.0
6 silly lifecycle Lottery@2.0.0~prestart: no script for prestart, continuing
7 info lifecycle Lottery@2.0.0~start: Lottery@2.0.0
8 verbose lifecycle Lottery@2.0.0~start: unsafe-perm in lifecycle true
9 verbose lifecycle Lottery@2.0.0~start: PATH: C:\Users\admin_pdv\AppData\Roaming\nvm\v6.9.5\node_modules\npm\bin\node-gyp-bin;D:\js\lottery-makets\node_modules\.bin;D:\js\lottery-makets\node_modules\.bin;C:\ProgramData\Miniconda3;C:\ProgramData\Miniconda3\Library\mingw-w64\bin;C:\ProgramData\Miniconda3\Library\usr\bin;C:\ProgramData\Miniconda3\Library\bin;C:\ProgramData\Miniconda3\Scripts;C:\Python38\Scripts\;C:\Python38\;C:\Program Files (x86)\Common Files\Oracle\Java\javapath;C:\ProgramData\Oracle\Java\javapath;C:\WINDOWS\system32;C:\WINDOWS;C:\WINDOWS\System32\Wbem;C:\WINDOWS\System32\WindowsPowerShell\v1.0\;C:\Program Files\TortoiseSVN\bin;c:\openserver\modules\php\PHP-5.5\PEAR;C:\Program Files\Git\cmd;C:\Program Files\Microsoft SQL Server\110\Tools\Binn\;C:\Program Files (x86)\Microsoft SDKs\TypeScript\1.0\;C:\Program Files\Microsoft SQL Server\120\Tools\Binn\;C:\WINDOWS\System32\OpenSSH\;C:\Program Files (x86)\Yarn\bin\;C:\OpenServer\modules\php\PHP-5.5;C:\ProgramData\ComposerSetup\bin;C:\Program Files\PuTTY\;C:\ProgramData\chocolatey\bin;C:\Program Files\Zabbix Agent;C:\Users\admin_pdv\AppData\Roaming\nvm;C:\Program Files\nodejs;C:\Program Files\OpenSSH-Win64;C:\Program Files (x86)\vim\vim80;C:\tools\BCURRAN3;C:\Program Files\dotnet\;%USERPROFILE%\AppData\Local\Microsoft\WindowsApps;;C:\Users\d.parshakov\AppData\Local\Programs\Microsoft VS Code\bin;C:\Users\d.parshakov\AppData\Local\hyper\app-3.0.2\resources\bin
10 verbose lifecycle Lottery@2.0.0~start: CWD: D:\js\lottery-makets
11 silly lifecycle Lottery@2.0.0~start: Args: [ '/d /s /c', 'webpack-dev-server --mode development --open' ]
12 silly lifecycle Lottery@2.0.0~start: Returned: code: 1  signal: null
13 info lifecycle Lottery@2.0.0~start: Failed to exec start script
14 verbose stack Error: Lottery@2.0.0 start: `webpack-dev-server --mode development --open`
14 verbose stack Exit status 1
14 verbose stack     at EventEmitter.<anonymous> (C:\Users\admin_pdv\AppData\Roaming\nvm\v6.9.5\node_modules\npm\lib\utils\lifecycle.js:255:16)
14 verbose stack     at emitTwo (events.js:106:13)
14 verbose stack     at EventEmitter.emit (events.js:191:7)
14 verbose stack     at ChildProcess.<anonymous> (C:\Users\admin_pdv\AppData\Roaming\nvm\v6.9.5\node_modules\npm\lib\utils\spawn.js:40:14)
14 verbose stack     at emitTwo (events.js:106:13)
14 verbose stack     at ChildProcess.emit (events.js:191:7)
14 verbose stack     at maybeClose (internal/child_process.js:877:16)
14 verbose stack     at Process.ChildProcess._handle.onexit (internal/child_process.js:226:5)
15 verbose pkgid Lottery@2.0.0
16 verbose cwd D:\js\lottery-makets
17 error Windows_NT 10.0.18363
18 error argv "C:\\Program Files\\nodejs\\node.exe" "C:\\Program Files\\nodejs\\node_modules\\npm\\bin\\npm-cli.js" "run" "start"
19 error node v6.9.5
20 error npm  v3.10.10
21 error code ELIFECYCLE
22 error Lottery@2.0.0 start: `webpack-dev-server --mode development --open`
22 error Exit status 1
23 error Failed at the Lottery@2.0.0 start script 'webpack-dev-server --mode development --open'.
23 error Make sure you have the latest version of node.js and npm installed.
23 error If you do, this is most likely a problem with the Lottery package,
23 error not with npm itself.
23 error Tell the author that this fails on your system:
23 error     webpack-dev-server --mode development --open
23 error You can get information on how to open an issue for this project with:
23 error     npm bugs Lottery
23 error Or if that isn't available, you can get their info via:
23 error     npm owner ls Lottery
23 error There is likely additional logging output above.
24 verbose exit [ 1, true ]
